Analysis & Synthesis report for SingleCycleProcessor
Mon Sep 11 19:13:59 2023
Quartus Prime Version 20.1.0 Build 711 06/05/2020 SJ Lite Edition


---------------------
; Table of Contents ;
---------------------
  1. Legal Notice
  2. Analysis & Synthesis Summary
  3. Analysis & Synthesis Settings
  4. Parallel Compilation
  5. Analysis & Synthesis Source Files Read
  6. Analysis & Synthesis Resource Usage Summary
  7. Analysis & Synthesis Resource Utilization by Entity
  8. Logic Cells Representing Combinational Loops
  9. General Register Statistics
 10. Multiplexer Restructuring Statistics (Restructuring Performed)
 11. Parameter Settings for User Entity Instance: Top-level Entity: |processor_arm
 12. Parameter Settings for User Entity Instance: datapath:dp
 13. Parameter Settings for User Entity Instance: datapath:dp|fetch:FETCH
 14. Parameter Settings for User Entity Instance: datapath:dp|fetch:FETCH|adder:Adder
 15. Parameter Settings for User Entity Instance: datapath:dp|fetch:FETCH|mux2:Mux
 16. Parameter Settings for User Entity Instance: datapath:dp|fetch:FETCH|flopr:PC
 17. Parameter Settings for User Entity Instance: datapath:dp|decode:DECODE
 18. Parameter Settings for User Entity Instance: datapath:dp|decode:DECODE|mux2:ra2mux
 19. Parameter Settings for User Entity Instance: datapath:dp|execute:EXECUTE
 20. Parameter Settings for User Entity Instance: datapath:dp|execute:EXECUTE|adder:Add
 21. Parameter Settings for User Entity Instance: datapath:dp|execute:EXECUTE|mux2:Mux
 22. Parameter Settings for User Entity Instance: datapath:dp|writeback:WRITEBACK
 23. Parameter Settings for User Entity Instance: datapath:dp|writeback:WRITEBACK|mux2:MtoRmux
 24. Parameter Settings for User Entity Instance: imem:instrMem
 25. Port Connectivity Checks: "datapath:dp|execute:EXECUTE|adder:Add"
 26. Port Connectivity Checks: "datapath:dp|fetch:FETCH|adder:Adder"
 27. Port Connectivity Checks: "datapath:dp"
 28. Post-Synthesis Netlist Statistics for Top Partition
 29. Elapsed Time Per Partition
 30. Analysis & Synthesis Messages



----------------
; Legal Notice ;
----------------
Copyright (C) 2020  Intel Corporation. All rights reserved.
Your use of Intel Corporation's design tools, logic functions 
and other software and tools, and any partner logic 
functions, and any output files from any of the foregoing 
(including device programming or simulation files), and any 
associated documentation or information are expressly subject 
to the terms and conditions of the Intel Program License 
Subscription Agreement, the Intel Quartus Prime License Agreement,
the Intel FPGA IP License Agreement, or other applicable license
agreement, including, without limitation, that your use is for
the sole purpose of programming logic devices manufactured by
Intel and sold by Intel or its authorized distributors.  Please
refer to the applicable agreement for further details, at
https://fpgasoftware.intel.com/eula.



+----------------------------------------------------------------------------------+
; Analysis & Synthesis Summary                                                     ;
+------------------------------------+---------------------------------------------+
; Analysis & Synthesis Status        ; Successful - Mon Sep 11 19:13:59 2023       ;
; Quartus Prime Version              ; 20.1.0 Build 711 06/05/2020 SJ Lite Edition ;
; Revision Name                      ; SingleCycleProcessor                        ;
; Top-level Entity Name              ; processor_arm                               ;
; Family                             ; Cyclone IV E                                ;
; Total logic elements               ; 12,210                                      ;
;     Total combinational functions  ; 6,269                                       ;
;     Dedicated logic registers      ; 6,144                                       ;
; Total registers                    ; 6144                                        ;
; Total pins                         ; 132                                         ;
; Total virtual pins                 ; 0                                           ;
; Total memory bits                  ; 0                                           ;
; Embedded Multiplier 9-bit elements ; 0                                           ;
; Total PLLs                         ; 0                                           ;
+------------------------------------+---------------------------------------------+


+--------------------------------------------------------------------------------------------------------------+
; Analysis & Synthesis Settings                                                                                ;
+------------------------------------------------------------------+--------------------+----------------------+
; Option                                                           ; Setting            ; Default Value        ;
+------------------------------------------------------------------+--------------------+----------------------+
; Top-level entity name                                            ; processor_arm      ; SingleCycleProcessor ;
; Family name                                                      ; Cyclone IV E       ; Cyclone V            ;
; VHDL Show LMF Mapping Messages                                   ; Off                ;                      ;
; VHDL Version                                                     ; VHDL_2008          ; VHDL_1993            ;
; Use smart compilation                                            ; Off                ; Off                  ;
; Enable parallel Assembler and Timing Analyzer during compilation ; On                 ; On                   ;
; Enable compact report table                                      ; Off                ; Off                  ;
; Restructure Multiplexers                                         ; Auto               ; Auto                 ;
; Create Debugging Nodes for IP Cores                              ; Off                ; Off                  ;
; Preserve fewer node names                                        ; On                 ; On                   ;
; Intel FPGA IP Evaluation Mode                                    ; Enable             ; Enable               ;
; Verilog Version                                                  ; Verilog_2001       ; Verilog_2001         ;
; State Machine Processing                                         ; Auto               ; Auto                 ;
; Safe State Machine                                               ; Off                ; Off                  ;
; Extract Verilog State Machines                                   ; On                 ; On                   ;
; Extract VHDL State Machines                                      ; On                 ; On                   ;
; Ignore Verilog initial constructs                                ; Off                ; Off                  ;
; Iteration limit for constant Verilog loops                       ; 5000               ; 5000                 ;
; Iteration limit for non-constant Verilog loops                   ; 250                ; 250                  ;
; Add Pass-Through Logic to Inferred RAMs                          ; On                 ; On                   ;
; Infer RAMs from Raw Logic                                        ; On                 ; On                   ;
; Parallel Synthesis                                               ; On                 ; On                   ;
; DSP Block Balancing                                              ; Auto               ; Auto                 ;
; NOT Gate Push-Back                                               ; On                 ; On                   ;
; Power-Up Don't Care                                              ; On                 ; On                   ;
; Remove Redundant Logic Cells                                     ; Off                ; Off                  ;
; Remove Duplicate Registers                                       ; On                 ; On                   ;
; Ignore CARRY Buffers                                             ; Off                ; Off                  ;
; Ignore CASCADE Buffers                                           ; Off                ; Off                  ;
; Ignore GLOBAL Buffers                                            ; Off                ; Off                  ;
; Ignore ROW GLOBAL Buffers                                        ; Off                ; Off                  ;
; Ignore LCELL Buffers                                             ; Off                ; Off                  ;
; Ignore SOFT Buffers                                              ; On                 ; On                   ;
; Limit AHDL Integers to 32 Bits                                   ; Off                ; Off                  ;
; Optimization Technique                                           ; Balanced           ; Balanced             ;
; Carry Chain Length                                               ; 70                 ; 70                   ;
; Auto Carry Chains                                                ; On                 ; On                   ;
; Auto Open-Drain Pins                                             ; On                 ; On                   ;
; Perform WYSIWYG Primitive Resynthesis                            ; Off                ; Off                  ;
; Auto ROM Replacement                                             ; On                 ; On                   ;
; Auto RAM Replacement                                             ; On                 ; On                   ;
; Auto DSP Block Replacement                                       ; On                 ; On                   ;
; Auto Shift Register Replacement                                  ; Auto               ; Auto                 ;
; Allow Shift Register Merging across Hierarchies                  ; Auto               ; Auto                 ;
; Auto Clock Enable Replacement                                    ; On                 ; On                   ;
; Strict RAM Replacement                                           ; Off                ; Off                  ;
; Allow Synchronous Control Signals                                ; On                 ; On                   ;
; Force Use of Synchronous Clear Signals                           ; Off                ; Off                  ;
; Auto RAM Block Balancing                                         ; On                 ; On                   ;
; Auto RAM to Logic Cell Conversion                                ; Off                ; Off                  ;
; Auto Resource Sharing                                            ; Off                ; Off                  ;
; Allow Any RAM Size For Recognition                               ; Off                ; Off                  ;
; Allow Any ROM Size For Recognition                               ; Off                ; Off                  ;
; Allow Any Shift Register Size For Recognition                    ; Off                ; Off                  ;
; Use LogicLock Constraints during Resource Balancing              ; On                 ; On                   ;
; Ignore translate_off and synthesis_off directives                ; Off                ; Off                  ;
; Timing-Driven Synthesis                                          ; On                 ; On                   ;
; Report Parameter Settings                                        ; On                 ; On                   ;
; Report Source Assignments                                        ; On                 ; On                   ;
; Report Connectivity Checks                                       ; On                 ; On                   ;
; Ignore Maximum Fan-Out Assignments                               ; Off                ; Off                  ;
; Synchronization Register Chain Length                            ; 2                  ; 2                    ;
; Power Optimization During Synthesis                              ; Normal compilation ; Normal compilation   ;
; HDL message level                                                ; Level2             ; Level2               ;
; Suppress Register Optimization Related Messages                  ; Off                ; Off                  ;
; Number of Removed Registers Reported in Synthesis Report         ; 5000               ; 5000                 ;
; Number of Swept Nodes Reported in Synthesis Report               ; 5000               ; 5000                 ;
; Number of Inverted Registers Reported in Synthesis Report        ; 100                ; 100                  ;
; Clock MUX Protection                                             ; On                 ; On                   ;
; Auto Gated Clock Conversion                                      ; Off                ; Off                  ;
; Block Design Naming                                              ; Auto               ; Auto                 ;
; SDC constraint protection                                        ; Off                ; Off                  ;
; Synthesis Effort                                                 ; Auto               ; Auto                 ;
; Shift Register Replacement - Allow Asynchronous Clear Signal     ; On                 ; On                   ;
; Pre-Mapping Resynthesis Optimization                             ; Off                ; Off                  ;
; Analysis & Synthesis Message Level                               ; Medium             ; Medium               ;
; Disable Register Merging Across Hierarchies                      ; Auto               ; Auto                 ;
; Resource Aware Inference For Block RAM                           ; On                 ; On                   ;
+------------------------------------------------------------------+--------------------+----------------------+


+------------------------------------------+
; Parallel Compilation                     ;
+----------------------------+-------------+
; Processors                 ; Number      ;
+----------------------------+-------------+
; Number detected on machine ; 8           ;
; Maximum allowed            ; 4           ;
;                            ;             ;
; Average used               ; 1.03        ;
; Maximum used               ; 4           ;
;                            ;             ;
; Usage by Processor         ; % Time Used ;
;     Processor 1            ; 100.0%      ;
;     Processor 2            ;   1.3%      ;
;     Processor 3            ;   0.7%      ;
;     Processor 4            ;   0.7%      ;
+----------------------------+-------------+


+----------------------------------------------------------------------------------------------------------------------------------------------------------------------------------+
; Analysis & Synthesis Source Files Read                                                                                                                                           ;
+------------------------------------+-----------------+------------------------------+----------------------------------------------------------------------------------+---------+
; File Name with User-Entered Path   ; Used in Netlist ; File Type                    ; File Name with Absolute Path                                                     ; Library ;
+------------------------------------+-----------------+------------------------------+----------------------------------------------------------------------------------+---------+
; patterson_modules/dmem.vhd         ; yes             ; User VHDL File               ; /home/guille/famaf/arqui/SingleCycleProcessor/patterson_modules/dmem.vhd         ;         ;
; patterson_modules/writeback.sv     ; yes             ; User SystemVerilog HDL File  ; /home/guille/famaf/arqui/SingleCycleProcessor/patterson_modules/writeback.sv     ;         ;
; patterson_modules/processor_arm.sv ; yes             ; User SystemVerilog HDL File  ; /home/guille/famaf/arqui/SingleCycleProcessor/patterson_modules/processor_arm.sv ;         ;
; patterson_modules/memory.sv        ; yes             ; User SystemVerilog HDL File  ; /home/guille/famaf/arqui/SingleCycleProcessor/patterson_modules/memory.sv        ;         ;
; patterson_modules/decode.sv        ; yes             ; User SystemVerilog HDL File  ; /home/guille/famaf/arqui/SingleCycleProcessor/patterson_modules/decode.sv        ;         ;
; patterson_modules/datapath.sv      ; yes             ; User SystemVerilog HDL File  ; /home/guille/famaf/arqui/SingleCycleProcessor/patterson_modules/datapath.sv      ;         ;
; patterson_modules/controller.sv    ; yes             ; User SystemVerilog HDL File  ; /home/guille/famaf/arqui/SingleCycleProcessor/patterson_modules/controller.sv    ;         ;
; patterson_modules/aludec.sv        ; yes             ; User SystemVerilog HDL File  ; /home/guille/famaf/arqui/SingleCycleProcessor/patterson_modules/aludec.sv        ;         ;
; execute.sv                         ; yes             ; User SystemVerilog HDL File  ; /home/guille/famaf/arqui/SingleCycleProcessor/execute.sv                         ;         ;
; mux2.sv                            ; yes             ; User SystemVerilog HDL File  ; /home/guille/famaf/arqui/SingleCycleProcessor/mux2.sv                            ;         ;
; adder.sv                           ; yes             ; User SystemVerilog HDL File  ; /home/guille/famaf/arqui/SingleCycleProcessor/adder.sv                           ;         ;
; fetch.sv                           ; yes             ; User SystemVerilog HDL File  ; /home/guille/famaf/arqui/SingleCycleProcessor/fetch.sv                           ;         ;
; flopr.sv                           ; yes             ; User SystemVerilog HDL File  ; /home/guille/famaf/arqui/SingleCycleProcessor/flopr.sv                           ;         ;
; signext.sv                         ; yes             ; User SystemVerilog HDL File  ; /home/guille/famaf/arqui/SingleCycleProcessor/signext.sv                         ;         ;
; alu.sv                             ; yes             ; User SystemVerilog HDL File  ; /home/guille/famaf/arqui/SingleCycleProcessor/alu.sv                             ;         ;
; imem.sv                            ; yes             ; User SystemVerilog HDL File  ; /home/guille/famaf/arqui/SingleCycleProcessor/imem.sv                            ;         ;
; regfile.sv                         ; yes             ; User SystemVerilog HDL File  ; /home/guille/famaf/arqui/SingleCycleProcessor/regfile.sv                         ;         ;
; maindec.sv                         ; yes             ; User SystemVerilog HDL File  ; /home/guille/famaf/arqui/SingleCycleProcessor/maindec.sv                         ;         ;
+------------------------------------+-----------------+------------------------------+----------------------------------------------------------------------------------+---------+


+--------------------------------------------------------------+
; Analysis & Synthesis Resource Usage Summary                  ;
+---------------------------------------------+----------------+
; Resource                                    ; Usage          ;
+---------------------------------------------+----------------+
; Estimated Total logic elements              ; 12,210         ;
;                                             ;                ;
; Total combinational functions               ; 6269           ;
; Logic element usage by number of LUT inputs ;                ;
;     -- 4 input functions                    ; 5797           ;
;     -- 3 input functions                    ; 389            ;
;     -- <=2 input functions                  ; 83             ;
;                                             ;                ;
; Logic elements by mode                      ;                ;
;     -- normal mode                          ; 6195           ;
;     -- arithmetic mode                      ; 74             ;
;                                             ;                ;
; Total registers                             ; 6144           ;
;     -- Dedicated logic registers            ; 6144           ;
;     -- I/O registers                        ; 0              ;
;                                             ;                ;
; I/O pins                                    ; 132            ;
;                                             ;                ;
; Embedded Multiplier 9-bit elements          ; 0              ;
;                                             ;                ;
; Maximum fan-out node                        ; CLOCK_50~input ;
; Maximum fan-out                             ; 6144           ;
; Total fan-out                               ; 43138          ;
; Average fan-out                             ; 3.40           ;
+---------------------------------------------+----------------+


+------------------------------------------------------------------------------------------------------------------------------------------------------------------------------------------------------------------------------------------------------+
; Analysis & Synthesis Resource Utilization by Entity                                                                                                                                                                                                  ;
+------------------------------+---------------------+---------------------------+-------------+--------------+---------+-----------+------+--------------+-------------------------------------------------------------+---------------+--------------+
; Compilation Hierarchy Node   ; Combinational ALUTs ; Dedicated Logic Registers ; Memory Bits ; DSP Elements ; DSP 9x9 ; DSP 18x18 ; Pins ; Virtual Pins ; Full Hierarchy Name                                         ; Entity Name   ; Library Name ;
+------------------------------+---------------------+---------------------------+-------------+--------------+---------+-----------+------+--------------+-------------------------------------------------------------+---------------+--------------+
; |processor_arm               ; 6269 (0)            ; 6144 (0)                  ; 0           ; 0            ; 0       ; 0         ; 132  ; 0            ; |processor_arm                                              ; processor_arm ; work         ;
;    |controller:c|            ; 14 (0)              ; 0 (0)                     ; 0           ; 0            ; 0       ; 0         ; 0    ; 0            ; |processor_arm|controller:c                                 ; controller    ; work         ;
;       |aludec:decAlu|        ; 5 (5)               ; 0 (0)                     ; 0           ; 0            ; 0       ; 0         ; 0    ; 0            ; |processor_arm|controller:c|aludec:decAlu                   ; aludec        ; work         ;
;       |maindec:decPpal|      ; 9 (9)               ; 0 (0)                     ; 0           ; 0            ; 0       ; 0         ; 0    ; 0            ; |processor_arm|controller:c|maindec:decPpal                 ; maindec       ; work         ;
;    |datapath:dp|             ; 6079 (0)            ; 2048 (0)                  ; 0           ; 0            ; 0       ; 0         ; 0    ; 0            ; |processor_arm|datapath:dp                                  ; datapath      ; work         ;
;       |decode:DECODE|        ; 2825 (0)            ; 2048 (0)                  ; 0           ; 0            ; 0       ; 0         ; 0    ; 0            ; |processor_arm|datapath:dp|decode:DECODE                    ; decode        ; work         ;
;          |mux2:ra2mux|       ; 5 (5)               ; 0 (0)                     ; 0           ; 0            ; 0       ; 0         ; 0    ; 0            ; |processor_arm|datapath:dp|decode:DECODE|mux2:ra2mux        ; mux2          ; work         ;
;          |regfile:registers| ; 2813 (2813)         ; 2048 (2048)               ; 0           ; 0            ; 0       ; 0         ; 0    ; 0            ; |processor_arm|datapath:dp|decode:DECODE|regfile:registers  ; regfile       ; work         ;
;          |signext:ext|       ; 7 (7)               ; 0 (0)                     ; 0           ; 0            ; 0       ; 0         ; 0    ; 0            ; |processor_arm|datapath:dp|decode:DECODE|signext:ext        ; signext       ; work         ;
;       |execute:EXECUTE|      ; 463 (0)             ; 0 (0)                     ; 0           ; 0            ; 0       ; 0         ; 0    ; 0            ; |processor_arm|datapath:dp|execute:EXECUTE                  ; execute       ; work         ;
;          |adder:Add|         ; 6 (6)               ; 0 (0)                     ; 0           ; 0            ; 0       ; 0         ; 0    ; 0            ; |processor_arm|datapath:dp|execute:EXECUTE|adder:Add        ; adder         ; work         ;
;          |alu:Alu|           ; 387 (387)           ; 0 (0)                     ; 0           ; 0            ; 0       ; 0         ; 0    ; 0            ; |processor_arm|datapath:dp|execute:EXECUTE|alu:Alu          ; alu           ; work         ;
;          |mux2:Mux|          ; 70 (70)             ; 0 (0)                     ; 0           ; 0            ; 0       ; 0         ; 0    ; 0            ; |processor_arm|datapath:dp|execute:EXECUTE|mux2:Mux         ; mux2          ; work         ;
;       |fetch:FETCH|          ; 17 (0)              ; 0 (0)                     ; 0           ; 0            ; 0       ; 0         ; 0    ; 0            ; |processor_arm|datapath:dp|fetch:FETCH                      ; fetch         ; work         ;
;          |adder:Adder|       ; 6 (6)               ; 0 (0)                     ; 0           ; 0            ; 0       ; 0         ; 0    ; 0            ; |processor_arm|datapath:dp|fetch:FETCH|adder:Adder          ; adder         ; work         ;
;          |flopr:PC|          ; 11 (11)             ; 0 (0)                     ; 0           ; 0            ; 0       ; 0         ; 0    ; 0            ; |processor_arm|datapath:dp|fetch:FETCH|flopr:PC             ; flopr         ; work         ;
;       |memory:MEMORY|        ; 22 (22)             ; 0 (0)                     ; 0           ; 0            ; 0       ; 0         ; 0    ; 0            ; |processor_arm|datapath:dp|memory:MEMORY                    ; memory        ; work         ;
;       |writeback:WRITEBACK|  ; 2752 (0)            ; 0 (0)                     ; 0           ; 0            ; 0       ; 0         ; 0    ; 0            ; |processor_arm|datapath:dp|writeback:WRITEBACK              ; writeback     ; work         ;
;          |mux2:MtoRmux|      ; 2752 (2752)         ; 0 (0)                     ; 0           ; 0            ; 0       ; 0         ; 0    ; 0            ; |processor_arm|datapath:dp|writeback:WRITEBACK|mux2:MtoRmux ; mux2          ; work         ;
;    |dmem:dataMem|            ; 72 (72)             ; 4096 (4096)               ; 0           ; 0            ; 0       ; 0         ; 0    ; 0            ; |processor_arm|dmem:dataMem                                 ; dmem          ; work         ;
;    |imem:instrMem|           ; 104 (104)           ; 0 (0)                     ; 0           ; 0            ; 0       ; 0         ; 0    ; 0            ; |processor_arm|imem:instrMem                                ; imem          ; work         ;
+------------------------------+---------------------+---------------------------+-------------+--------------+---------+-----------+------+--------------+-------------------------------------------------------------+---------------+--------------+
Note: For table entries with two numbers listed, the numbers in parentheses indicate the number of resources of the given type used by the specific entity alone. The numbers listed outside of parentheses indicate the total resources of the given type used by the specific entity and all of its sub-entities in the hierarchy.


+-------------------------------------------------------------+
; Logic Cells Representing Combinational Loops                ;
+--------------------------------------------------------+----+
; Logic Cell Name                                        ;    ;
+--------------------------------------------------------+----+
; datapath:dp|fetch:FETCH|adder:Adder|out[6]~1           ;    ;
; datapath:dp|execute:EXECUTE|adder:Add|out[6]~2         ;    ;
; datapath:dp|memory:MEMORY|PCSrc_M~0                    ;    ;
; datapath:dp|fetch:FETCH|adder:Adder|out[4]~3           ;    ;
; datapath:dp|execute:EXECUTE|adder:Add|out[4]~4         ;    ;
; datapath:dp|fetch:FETCH|adder:Adder|out[2]~5           ;    ;
; datapath:dp|execute:EXECUTE|adder:Add|out[2]~6         ;    ;
; datapath:dp|fetch:FETCH|flopr:PC|q[7]~1                ;    ;
; datapath:dp|fetch:FETCH|adder:Adder|out[3]~4           ;    ;
; datapath:dp|execute:EXECUTE|adder:Add|out[3]~5         ;    ;
; datapath:dp|fetch:FETCH|adder:Adder|out[5]~2           ;    ;
; datapath:dp|execute:EXECUTE|adder:Add|out[5]~3         ;    ;
; Number of logic cells representing combinational loops ; 12 ;
+--------------------------------------------------------+----+
Note: All cells listed above may not be present at the end of synthesis due to various synthesis optimizations.


+------------------------------------------------------+
; General Register Statistics                          ;
+----------------------------------------------+-------+
; Statistic                                    ; Value ;
+----------------------------------------------+-------+
; Total registers                              ; 6144  ;
; Number of registers using Synchronous Clear  ; 0     ;
; Number of registers using Synchronous Load   ; 0     ;
; Number of registers using Asynchronous Clear ; 0     ;
; Number of registers using Asynchronous Load  ; 0     ;
; Number of registers using Clock Enable       ; 6144  ;
; Number of registers using Preset             ; 0     ;
+----------------------------------------------+-------+


+---------------------------------------------------------------------------------------------------------------------------------------------------------------------------------+
; Multiplexer Restructuring Statistics (Restructuring Performed)                                                                                                                  ;
+--------------------+-----------+---------------+----------------------+------------------------+------------+-------------------------------------------------------------------+
; Multiplexer Inputs ; Bus Width ; Baseline Area ; Area if Restructured ; Saving if Restructured ; Registered ; Example Multiplexer Output                                        ;
+--------------------+-----------+---------------+----------------------+------------------------+------------+-------------------------------------------------------------------+
; 3:1                ; 64 bits   ; 128 LEs       ; 128 LEs              ; 0 LEs                  ; No         ; |processor_arm|datapath:dp|fetch:FETCH|flopr:PC|q[50]             ;
; 8:1                ; 64 bits   ; 320 LEs       ; 256 LEs              ; 64 LEs                 ; No         ; |processor_arm|datapath:dp|execute:EXECUTE|alu:Alu|Mux16          ;
; 65:1               ; 64 bits   ; 2752 LEs      ; 2752 LEs             ; 0 LEs                  ; No         ; |processor_arm|datapath:dp|writeback:WRITEBACK|mux2:MtoRmux|y[13] ;
+--------------------+-----------+---------------+----------------------+------------------------+------------+-------------------------------------------------------------------+


+-------------------------------------------------------------------------------+
; Parameter Settings for User Entity Instance: Top-level Entity: |processor_arm ;
+----------------+-------+------------------------------------------------------+
; Parameter Name ; Value ; Type                                                 ;
+----------------+-------+------------------------------------------------------+
; N              ; 64    ; Signed Integer                                       ;
+----------------+-------+------------------------------------------------------+
Note: In order to hide this table in the UI and the text report file, please set the "Show Parameter Settings in Synthesis Report" option in "Analysis and Synthesis Settings -> More Settings" to "Off".


+----------------------------------------------------------+
; Parameter Settings for User Entity Instance: datapath:dp ;
+----------------+-------+---------------------------------+
; Parameter Name ; Value ; Type                            ;
+----------------+-------+---------------------------------+
; N              ; 64    ; Signed Integer                  ;
+----------------+-------+---------------------------------+
Note: In order to hide this table in the UI and the text report file, please set the "Show Parameter Settings in Synthesis Report" option in "Analysis and Synthesis Settings -> More Settings" to "Off".


+----------------------------------------------------------------------+
; Parameter Settings for User Entity Instance: datapath:dp|fetch:FETCH ;
+----------------+-------+---------------------------------------------+
; Parameter Name ; Value ; Type                                        ;
+----------------+-------+---------------------------------------------+
; N              ; 64    ; Signed Integer                              ;
+----------------+-------+---------------------------------------------+
Note: In order to hide this table in the UI and the text report file, please set the "Show Parameter Settings in Synthesis Report" option in "Analysis and Synthesis Settings -> More Settings" to "Off".


+----------------------------------------------------------------------------------+
; Parameter Settings for User Entity Instance: datapath:dp|fetch:FETCH|adder:Adder ;
+----------------+-------+---------------------------------------------------------+
; Parameter Name ; Value ; Type                                                    ;
+----------------+-------+---------------------------------------------------------+
; N              ; 64    ; Signed Integer                                          ;
+----------------+-------+---------------------------------------------------------+
Note: In order to hide this table in the UI and the text report file, please set the "Show Parameter Settings in Synthesis Report" option in "Analysis and Synthesis Settings -> More Settings" to "Off".


+-------------------------------------------------------------------------------+
; Parameter Settings for User Entity Instance: datapath:dp|fetch:FETCH|mux2:Mux ;
+----------------+-------+------------------------------------------------------+
; Parameter Name ; Value ; Type                                                 ;
+----------------+-------+------------------------------------------------------+
; N              ; 64    ; Signed Integer                                       ;
+----------------+-------+------------------------------------------------------+
Note: In order to hide this table in the UI and the text report file, please set the "Show Parameter Settings in Synthesis Report" option in "Analysis and Synthesis Settings -> More Settings" to "Off".


+-------------------------------------------------------------------------------+
; Parameter Settings for User Entity Instance: datapath:dp|fetch:FETCH|flopr:PC ;
+----------------+-------+------------------------------------------------------+
; Parameter Name ; Value ; Type                                                 ;
+----------------+-------+------------------------------------------------------+
; N              ; 64    ; Signed Integer                                       ;
+----------------+-------+------------------------------------------------------+
Note: In order to hide this table in the UI and the text report file, please set the "Show Parameter Settings in Synthesis Report" option in "Analysis and Synthesis Settings -> More Settings" to "Off".


+------------------------------------------------------------------------+
; Parameter Settings for User Entity Instance: datapath:dp|decode:DECODE ;
+----------------+-------+-----------------------------------------------+
; Parameter Name ; Value ; Type                                          ;
+----------------+-------+-----------------------------------------------+
; N              ; 64    ; Signed Integer                                ;
+----------------+-------+-----------------------------------------------+
Note: In order to hide this table in the UI and the text report file, please set the "Show Parameter Settings in Synthesis Report" option in "Analysis and Synthesis Settings -> More Settings" to "Off".


+------------------------------------------------------------------------------------+
; Parameter Settings for User Entity Instance: datapath:dp|decode:DECODE|mux2:ra2mux ;
+----------------+-------+-----------------------------------------------------------+
; Parameter Name ; Value ; Type                                                      ;
+----------------+-------+-----------------------------------------------------------+
; N              ; 5     ; Signed Integer                                            ;
+----------------+-------+-----------------------------------------------------------+
Note: In order to hide this table in the UI and the text report file, please set the "Show Parameter Settings in Synthesis Report" option in "Analysis and Synthesis Settings -> More Settings" to "Off".


+--------------------------------------------------------------------------+
; Parameter Settings for User Entity Instance: datapath:dp|execute:EXECUTE ;
+----------------+-------+-------------------------------------------------+
; Parameter Name ; Value ; Type                                            ;
+----------------+-------+-------------------------------------------------+
; N              ; 64    ; Signed Integer                                  ;
+----------------+-------+-------------------------------------------------+
Note: In order to hide this table in the UI and the text report file, please set the "Show Parameter Settings in Synthesis Report" option in "Analysis and Synthesis Settings -> More Settings" to "Off".


+------------------------------------------------------------------------------------+
; Parameter Settings for User Entity Instance: datapath:dp|execute:EXECUTE|adder:Add ;
+----------------+-------+-----------------------------------------------------------+
; Parameter Name ; Value ; Type                                                      ;
+----------------+-------+-----------------------------------------------------------+
; N              ; 64    ; Signed Integer                                            ;
+----------------+-------+-----------------------------------------------------------+
Note: In order to hide this table in the UI and the text report file, please set the "Show Parameter Settings in Synthesis Report" option in "Analysis and Synthesis Settings -> More Settings" to "Off".


+-----------------------------------------------------------------------------------+
; Parameter Settings for User Entity Instance: datapath:dp|execute:EXECUTE|mux2:Mux ;
+----------------+-------+----------------------------------------------------------+
; Parameter Name ; Value ; Type                                                     ;
+----------------+-------+----------------------------------------------------------+
; N              ; 64    ; Signed Integer                                           ;
+----------------+-------+----------------------------------------------------------+
Note: In order to hide this table in the UI and the text report file, please set the "Show Parameter Settings in Synthesis Report" option in "Analysis and Synthesis Settings -> More Settings" to "Off".


+------------------------------------------------------------------------------+
; Parameter Settings for User Entity Instance: datapath:dp|writeback:WRITEBACK ;
+----------------+-------+-----------------------------------------------------+
; Parameter Name ; Value ; Type                                                ;
+----------------+-------+-----------------------------------------------------+
; N              ; 64    ; Signed Integer                                      ;
+----------------+-------+-----------------------------------------------------+
Note: In order to hide this table in the UI and the text report file, please set the "Show Parameter Settings in Synthesis Report" option in "Analysis and Synthesis Settings -> More Settings" to "Off".


+-------------------------------------------------------------------------------------------+
; Parameter Settings for User Entity Instance: datapath:dp|writeback:WRITEBACK|mux2:MtoRmux ;
+----------------+-------+------------------------------------------------------------------+
; Parameter Name ; Value ; Type                                                             ;
+----------------+-------+------------------------------------------------------------------+
; N              ; 64    ; Signed Integer                                                   ;
+----------------+-------+------------------------------------------------------------------+
Note: In order to hide this table in the UI and the text report file, please set the "Show Parameter Settings in Synthesis Report" option in "Analysis and Synthesis Settings -> More Settings" to "Off".


+------------------------------------------------------------+
; Parameter Settings for User Entity Instance: imem:instrMem ;
+----------------+-------+-----------------------------------+
; Parameter Name ; Value ; Type                              ;
+----------------+-------+-----------------------------------+
; N              ; 32    ; Signed Integer                    ;
+----------------+-------+-----------------------------------+
Note: In order to hide this table in the UI and the text report file, please set the "Show Parameter Settings in Synthesis Report" option in "Analysis and Synthesis Settings -> More Settings" to "Off".


+-------------------------------------------------------------------+
; Port Connectivity Checks: "datapath:dp|execute:EXECUTE|adder:Add" ;
+---------+-------+----------+--------------------------------------+
; Port    ; Type  ; Severity ; Details                              ;
+---------+-------+----------+--------------------------------------+
; b[1..0] ; Input ; Info     ; Stuck at GND                         ;
+---------+-------+----------+--------------------------------------+


+-----------------------------------------------------------------+
; Port Connectivity Checks: "datapath:dp|fetch:FETCH|adder:Adder" ;
+----------+-------+----------+-----------------------------------+
; Port     ; Type  ; Severity ; Details                           ;
+----------+-------+----------+-----------------------------------+
; b[63..3] ; Input ; Info     ; Stuck at GND                      ;
; b[1..0]  ; Input ; Info     ; Stuck at GND                      ;
; b[2]     ; Input ; Info     ; Stuck at VCC                      ;
+----------+-------+----------+-----------------------------------+


+--------------------------------------------------------------------------------------------------------------------------+
; Port Connectivity Checks: "datapath:dp"                                                                                  ;
+----------------+--------+----------+-------------------------------------------------------------------------------------+
; Port           ; Type   ; Severity ; Details                                                                             ;
+----------------+--------+----------+-------------------------------------------------------------------------------------+
; IM_addr[63..8] ; Output ; Info     ; Connected to dangling logic. Logic that only feeds a dangling port will be removed. ;
; IM_addr[1..0]  ; Output ; Info     ; Connected to dangling logic. Logic that only feeds a dangling port will be removed. ;
+----------------+--------+----------+-------------------------------------------------------------------------------------+


+-----------------------------------------------------+
; Post-Synthesis Netlist Statistics for Top Partition ;
+-----------------------+-----------------------------+
; Type                  ; Count                       ;
+-----------------------+-----------------------------+
; boundary_port         ; 132                         ;
; cycloneiii_ff         ; 6144                        ;
;     ENA               ; 6144                        ;
; cycloneiii_lcell_comb ; 6269                        ;
;     arith             ; 74                          ;
;         3 data inputs ; 74                          ;
;     normal            ; 6195                        ;
;         1 data inputs ; 76                          ;
;         2 data inputs ; 7                           ;
;         3 data inputs ; 315                         ;
;         4 data inputs ; 5797                        ;
;                       ;                             ;
; Max LUT depth         ; 29.80                       ;
; Average LUT depth     ; 16.75                       ;
+-----------------------+-----------------------------+


+-------------------------------+
; Elapsed Time Per Partition    ;
+----------------+--------------+
; Partition Name ; Elapsed Time ;
+----------------+--------------+
; Top            ; 00:01:28     ;
+----------------+--------------+


+-------------------------------+
; Analysis & Synthesis Messages ;
+-------------------------------+
Info: *******************************************************************
Info: Running Quartus Prime Analysis & Synthesis
    Info: Version 20.1.0 Build 711 06/05/2020 SJ Lite Edition
    Info: Processing started: Mon Sep 11 19:12:10 2023
Info: Command: quartus_map --read_settings_files=on --write_settings_files=off SingleCycleProcessor -c SingleCycleProcessor
Warning (18236): Number of processors has not been specified which may cause overloading on shared machines.  Set the global assignment NUM_PARALLEL_PROCESSORS in your QSF to an appropriate value for best performance.
Info (20030): Parallel compilation is enabled and will use 4 of the 4 processors detected
Info (12021): Found 2 design units, including 1 entities, in source file patterson_modules/dmem.vhd
    Info (12022): Found design unit 1: dmem-behave File: /home/guille/famaf/arqui/SingleCycleProcessor/patterson_modules/dmem.vhd Line: 21
    Info (12023): Found entity 1: dmem File: /home/guille/famaf/arqui/SingleCycleProcessor/patterson_modules/dmem.vhd Line: 12
Info (12021): Found 1 design units, including 1 entities, in source file patterson_modules/writeback.sv
    Info (12023): Found entity 1: writeback File: /home/guille/famaf/arqui/SingleCycleProcessor/patterson_modules/writeback.sv Line: 3
Info (12021): Found 1 design units, including 1 entities, in source file patterson_modules/processor_tb.sv
    Info (12023): Found entity 1: processor_tb File: /home/guille/famaf/arqui/SingleCycleProcessor/patterson_modules/processor_tb.sv Line: 4
Info (12021): Found 1 design units, including 1 entities, in source file patterson_modules/processor_arm.sv
    Info (12023): Found entity 1: processor_arm File: /home/guille/famaf/arqui/SingleCycleProcessor/patterson_modules/processor_arm.sv Line: 3
Info (12021): Found 1 design units, including 1 entities, in source file patterson_modules/memory.sv
    Info (12023): Found entity 1: memory File: /home/guille/famaf/arqui/SingleCycleProcessor/patterson_modules/memory.sv Line: 3
Info (12021): Found 1 design units, including 1 entities, in source file patterson_modules/decode.sv
    Info (12023): Found entity 1: decode File: /home/guille/famaf/arqui/SingleCycleProcessor/patterson_modules/decode.sv Line: 3
Info (12021): Found 1 design units, including 1 entities, in source file patterson_modules/datapath.sv
    Info (12023): Found entity 1: datapath File: /home/guille/famaf/arqui/SingleCycleProcessor/patterson_modules/datapath.sv Line: 3
Info (12021): Found 1 design units, including 1 entities, in source file patterson_modules/controller.sv
    Info (12023): Found entity 1: controller File: /home/guille/famaf/arqui/SingleCycleProcessor/patterson_modules/controller.sv Line: 3
Info (12021): Found 1 design units, including 1 entities, in source file patterson_modules/aludec.sv
    Info (12023): Found entity 1: aludec File: /home/guille/famaf/arqui/SingleCycleProcessor/patterson_modules/aludec.sv Line: 3
Info (12021): Found 1 design units, including 1 entities, in source file execute_tb.sv
    Info (12023): Found entity 1: execute_tb File: /home/guille/famaf/arqui/SingleCycleProcessor/execute_tb.sv Line: 1
Info (12021): Found 1 design units, including 1 entities, in source file execute.sv
    Info (12023): Found entity 1: execute File: /home/guille/famaf/arqui/SingleCycleProcessor/execute.sv Line: 1
Info (12021): Found 1 design units, including 1 entities, in source file mux2.sv
    Info (12023): Found entity 1: mux2 File: /home/guille/famaf/arqui/SingleCycleProcessor/mux2.sv Line: 1
Info (12021): Found 1 design units, including 1 entities, in source file adder.sv
    Info (12023): Found entity 1: adder File: /home/guille/famaf/arqui/SingleCycleProcessor/adder.sv Line: 1
Info (12021): Found 1 design units, including 1 entities, in source file fetch.sv
    Info (12023): Found entity 1: fetch File: /home/guille/famaf/arqui/SingleCycleProcessor/fetch.sv Line: 1
Info (12021): Found 1 design units, including 1 entities, in source file fetch_tb.sv
    Info (12023): Found entity 1: fetch_tb File: /home/guille/famaf/arqui/SingleCycleProcessor/fetch_tb.sv Line: 1
Info (12021): Found 1 design units, including 1 entities, in source file maindec_tb.sv
    Info (12023): Found entity 1: maindec_tb File: /home/guille/famaf/arqui/SingleCycleProcessor/maindec_tb.sv Line: 1
Info (12021): Found 1 design units, including 1 entities, in source file flopr.sv
    Info (12023): Found entity 1: flopr File: /home/guille/famaf/arqui/SingleCycleProcessor/flopr.sv Line: 1
Info (12021): Found 1 design units, including 1 entities, in source file flopr_tb.sv
    Info (12023): Found entity 1: flopr_tb File: /home/guille/famaf/arqui/SingleCycleProcessor/flopr_tb.sv Line: 1
Info (12021): Found 1 design units, including 1 entities, in source file signext.sv
    Info (12023): Found entity 1: signext File: /home/guille/famaf/arqui/SingleCycleProcessor/signext.sv Line: 1
Info (12021): Found 1 design units, including 1 entities, in source file signext_tb.sv
    Info (12023): Found entity 1: signext_tb File: /home/guille/famaf/arqui/SingleCycleProcessor/signext_tb.sv Line: 1
Info (12021): Found 1 design units, including 1 entities, in source file alu.sv
    Info (12023): Found entity 1: alu File: /home/guille/famaf/arqui/SingleCycleProcessor/alu.sv Line: 1
Info (12021): Found 1 design units, including 1 entities, in source file alu_tb.sv
    Info (12023): Found entity 1: alu_tb File: /home/guille/famaf/arqui/SingleCycleProcessor/alu_tb.sv Line: 1
Info (12021): Found 1 design units, including 1 entities, in source file imem.sv
    Info (12023): Found entity 1: imem File: /home/guille/famaf/arqui/SingleCycleProcessor/imem.sv Line: 1
Info (12021): Found 1 design units, including 1 entities, in source file imem_tb.sv
    Info (12023): Found entity 1: imem_tb File: /home/guille/famaf/arqui/SingleCycleProcessor/imem_tb.sv Line: 1
Info (12021): Found 1 design units, including 1 entities, in source file regfile.sv
    Info (12023): Found entity 1: regfile File: /home/guille/famaf/arqui/SingleCycleProcessor/regfile.sv Line: 1
Info (12021): Found 1 design units, including 1 entities, in source file regfile_tb.sv
    Info (12023): Found entity 1: regfile_tb File: /home/guille/famaf/arqui/SingleCycleProcessor/regfile_tb.sv Line: 1
Info (12021): Found 1 design units, including 1 entities, in source file maindec.sv
    Info (12023): Found entity 1: maindec File: /home/guille/famaf/arqui/SingleCycleProcessor/maindec.sv Line: 1
Info (12127): Elaborating entity "processor_arm" for the top level hierarchy
Info (12128): Elaborating entity "controller" for hierarchy "controller:c" File: /home/guille/famaf/arqui/SingleCycleProcessor/patterson_modules/processor_arm.sv Line: 23
Info (12128): Elaborating entity "maindec" for hierarchy "controller:c|maindec:decPpal" File: /home/guille/famaf/arqui/SingleCycleProcessor/patterson_modules/controller.sv Line: 18
Info (12128): Elaborating entity "aludec" for hierarchy "controller:c|aludec:decAlu" File: /home/guille/famaf/arqui/SingleCycleProcessor/patterson_modules/controller.sv Line: 23
Info (12128): Elaborating entity "datapath" for hierarchy "datapath:dp" File: /home/guille/famaf/arqui/SingleCycleProcessor/patterson_modules/processor_arm.sv Line: 42
Info (12128): Elaborating entity "fetch" for hierarchy "datapath:dp|fetch:FETCH" File: /home/guille/famaf/arqui/SingleCycleProcessor/patterson_modules/datapath.sv Line: 28
Info (12128): Elaborating entity "adder" for hierarchy "datapath:dp|fetch:FETCH|adder:Adder" File: /home/guille/famaf/arqui/SingleCycleProcessor/fetch.sv Line: 14
Info (12128): Elaborating entity "mux2" for hierarchy "datapath:dp|fetch:FETCH|mux2:Mux" File: /home/guille/famaf/arqui/SingleCycleProcessor/fetch.sv Line: 15
Info (12128): Elaborating entity "flopr" for hierarchy "datapath:dp|fetch:FETCH|flopr:PC" File: /home/guille/famaf/arqui/SingleCycleProcessor/fetch.sv Line: 16
Info (12128): Elaborating entity "decode" for hierarchy "datapath:dp|decode:DECODE" File: /home/guille/famaf/arqui/SingleCycleProcessor/patterson_modules/datapath.sv Line: 39
Info (12128): Elaborating entity "mux2" for hierarchy "datapath:dp|decode:DECODE|mux2:ra2mux" File: /home/guille/famaf/arqui/SingleCycleProcessor/patterson_modules/decode.sv Line: 11
Info (12128): Elaborating entity "regfile" for hierarchy "datapath:dp|decode:DECODE|regfile:registers" File: /home/guille/famaf/arqui/SingleCycleProcessor/patterson_modules/decode.sv Line: 14
Info (12128): Elaborating entity "signext" for hierarchy "datapath:dp|decode:DECODE|signext:ext" File: /home/guille/famaf/arqui/SingleCycleProcessor/patterson_modules/decode.sv Line: 17
Info (12128): Elaborating entity "execute" for hierarchy "datapath:dp|execute:EXECUTE" File: /home/guille/famaf/arqui/SingleCycleProcessor/patterson_modules/datapath.sv Line: 52
Info (12128): Elaborating entity "alu" for hierarchy "datapath:dp|execute:EXECUTE|alu:Alu" File: /home/guille/famaf/arqui/SingleCycleProcessor/execute.sv Line: 19
Info (12128): Elaborating entity "memory" for hierarchy "datapath:dp|memory:MEMORY" File: /home/guille/famaf/arqui/SingleCycleProcessor/patterson_modules/datapath.sv Line: 58
Info (12128): Elaborating entity "writeback" for hierarchy "datapath:dp|writeback:WRITEBACK" File: /home/guille/famaf/arqui/SingleCycleProcessor/patterson_modules/datapath.sv Line: 65
Info (12128): Elaborating entity "imem" for hierarchy "imem:instrMem" File: /home/guille/famaf/arqui/SingleCycleProcessor/patterson_modules/processor_arm.sv Line: 46
Warning (10030): Net "ROM[47..63]" at imem.sv(5) has no driver or initial value, using a default initial value '0' File: /home/guille/famaf/arqui/SingleCycleProcessor/imem.sv Line: 5
Info (12128): Elaborating entity "dmem" for hierarchy "dmem:dataMem" File: /home/guille/famaf/arqui/SingleCycleProcessor/patterson_modules/processor_arm.sv Line: 55
Info (276014): Found 1 instances of uninferred RAM logic
    Info (276007): RAM logic "datapath:dp|decode:DECODE|regfile:registers|registers" is uninferred due to asynchronous read logic File: /home/guille/famaf/arqui/SingleCycleProcessor/regfile.sv Line: 20
Info (286030): Timing-Driven Synthesis is running
Info (16010): Generating hard_block partition "hard_block:auto_generated_inst"
    Info (16011): Adding 0 node(s), including 0 DDIO, 0 PLL, 0 transceiver and 0 LCELL
Warning (21074): Design contains 1 input pin(s) that do not drive logic
    Warning (15610): No output dependent on input pin "dump" File: /home/guille/famaf/arqui/SingleCycleProcessor/patterson_modules/processor_arm.sv Line: 7
Info (21057): Implemented 12470 device resources after synthesis - the final resource count might be different
    Info (21058): Implemented 3 input pins
    Info (21059): Implemented 129 output pins
    Info (21061): Implemented 12338 logic cells
Info: Quartus Prime Analysis & Synthesis was successful. 0 errors, 4 warnings
    Info: Peak virtual memory: 633 megabytes
    Info: Processing ended: Mon Sep 11 19:13:59 2023
    Info: Elapsed time: 00:01:49
    Info: Total CPU time (on all processors): 00:02:19


